1 12
13 12
25 12
37 12
221 12
233 12
761 12
773 12
1741 12
2917 12
4325 12
4337 12
4877 12
4889 12
4901 12
6689 12
9385 12
10805 12
1 24
2 24
25 24
26 24
50 24
74 24
101 24
125 24
149 24
442 24
466 24
761 24
785 24
809 24
1522 24
1546 24
2257 24
3137 24
3161 24
3482 24
5834 24
7669 24
8650 24
8674 24
9605 24
9629 24
9754 24
9778 24
9802 24
13 36
421 36
457 36
493 36
1865 36
1901 36
2525 36
2561 36
4145 36
6889 36
6925 36
6961 36
8209 36
8245 36
1 48
2 48
4 48
50 48
52 48
100 48
148 48
202 48
250 48
298 48
884 48
932 48
1181 48
1229 48
1277 48
1522 48
1525 48
1570 48
1618 48
2501 48
2549 48
2941 48
2993 48
3044 48
3092 48
3385 48
3433 48
4514 48
6274 48
6322 48
6964 48
8185 48
9409 48
5 60
65 60
125 60
185 60
1105 60
1165 60
1693 60
1753 60
3805 60
3865 60
5417 60
5477 60
5569 60
7573 60
7633 60
8705 60
26 72
29 72
101 72
173 72
205 72
545 72
842 72
914 72
986 72
1381 72
2525 72
2845 72
3361 72
3730 72
3802 72
5050 72
5122 72
5569 72
5641 72
5713 72
5981 72
7013 72
7085 72
7261 72
7333 72
8290 72
25 84
29 84
37 84
65 84
73 84
109 84
113 84
121 84
157 84
197 84
205 84
241 84
289 84
373 84
425 84
509 84
521 84
593 84
601 84
605 84
689 84
773 84
857 84
865 84
901 84
949 84
985 84
1033 84
1069 84
1153 84
1217 84
1237 84
1261 84
1301 84
1345 84
1385 84
1429 84
1469 84
1525 84
1553 84
1609 84
1637 84
1693 84
1721 84
1805 84
1877 84
1889 84
1913 84
1921 84
1961 84
1973 84
2005 84
2045 84
2057 84
2089 84
2141 84
2225 84
2273 84
2309 84
2581 84
2621 84
2665 84
2705 84
3257 84
3281 84
3341 84
3373 84
3425 84
3457 84
3509 84
3541 84
3593 84
3637 84
3677 84
3761 84
4201 84
4385 84
4469 84
4553 84
4649 84
4733 84
4825 84
5081 84
5485 84
5617 84
6101 84
6185 84
6269 84
6277 84
6361 84
6445 84
6625 84
6709 84
6793 84
6877 84
6961 84
7045 84
7129 84
7213 84
7289 84
7333 84
7417 84
7501 84
7589 84
8125 84
8345 84
9005 84
9089 84
9437 84
2 96
4 96
8 96
100 96
104 96
200 96
296 96
349 96
404 96
445 96
500 96
541 96
596 96
745 96
841 96
937 96
1229 96
1325 96
1768 96
1864 96
2117 96
2213 96
2362 96
2458 96
2554 96
2609 96
3044 96
3050 96
3140 96
3236 96
3385 96
3481 96
3877 96
3973 96
5002 96
5098 96
5645 96
5741 96
5882 96
5986 96
6088 96
6184 96
6770 96
6866 96
7801 96
8285 96
9028 96
9 108
29 108
97 108
117 108
185 108
205 108
225 108
293 108
313 108
333 108
401 108
1901 108
1989 108
2097 108
2293 108
4057 108
4693 108
4801 108
5713 108
5821 108
6565 108
6849 108
6957 108
8633 108
8741 108
8849 108
8917 108
9025 108
12965 108
13073 108
5 120
10 120
125 120
130 120
250 120
370 120
505 120
625 120
745 120
1453 120
1681 120
2210 120
2330 120
3386 120
3506 120
3805 120
3925 120
4045 120
7093 120
7213 120
7610 120
7730 120
11285 120
109 132
113 132
241 132
373 132
505 132
569 132
701 132
1021 132
1481 132
1609 132
1741 132
1873 132
2005 132
2137 132
2333 132
2465 132
2593 132
2725 132
2785 132
3701 132
3961 132
4093 132
4157 132
4289 132
4421 132
4553 132
5333 132
5465 132
5597 132
5729 132
6053 132
6185 132
6317 132
6449 132
7561 132
8273 132
8473 132
8605 132
8737 132
52 144
58 144
101 144
202 144
346 144
410 144
1090 144
1277 144
1684 144
1828 144
1972 144
2113 144
2257 144
2762 144
3785 144
3929 144
4073 144
5050 144
5641 144
5690 144
5785 144
6425 144
6437 144
6569 144
6581 144
6722 144
7460 144
7604 144
8933 144
9077 144
9221 144
10100 144
10244 144
13 156
169 156
325 156
481 156
1069 156
1465 156
1621 156
1973 156
2129 156
2521 156
2677 156
2833 156
2873 156
3029 156
3425 156
3581 156
3973 156
4325 156
4481 156
4637 156
5381 156
6481 156
9893 156
10049 156
17 168
25 168
50 168
58 168
61 168
74 168
121 168
130 168
146 168
185 168
193 168
218 168
226 168
229 168
242 168
289 168
314 168
361 168
394 168
397 168
410 168
482 168
565 168
578 168
605 168
746 168
757 168
773 168
850 168
881 168
941 168
985 168
1018 168
1042 168
1049 168
1109 168
1153 168
1186 168
1202 168
1210 168
1213 168
1217 168
1249 168
1301 168
1378 168
1381 168
1385 168
1417 168
1433 168
1469 168
1546 168
1549 168
1553 168
1601 168
1637 168
1714 168
1721 168
1730 168
1802 168
1889 168
1898 168
1961 168
1970 168
2057 168
2066 168
2129 168
2138 168
2306 168
2434 168
2474 168
2522 168
2602 168
2657 168
2690 168
2770 168
2797 168
2825 168
2858 168
2938 168
2965 168
3050 168
3089 168
3106 168
3218 168
3274 168
3341 168
3361 168
3386 168
3442 168
3509 168
3529 168
3610 168
3754 168
3778 168
3826 168
3842 168
3881 168
3922 168
3946 168
3985 168
4010 168
4090 168
4114 168
4153 168
4178 168
4282 168
4450 168
4469 168
4546 168
4618 168
4637 168
4805 168
4849 168
4909 168
5077 168
5162 168
5165 168
5242 168
5245 168
5261 168
5330 168
5410 168
5429 168
5597 168
6185 168
6245 168
6353 168
6413 168
6514 168
6562 168
6581 168
6625 168
6661 168
6682 168
6746 168
6749 168
6793 168
6829 168
6850 168
6914 168
6917 168
7018 168
7082 168
7186 168
7274 168
7354 168
7453 168
7522 168
7673 168
7825 168
7993 168
8017 168
8149 168
8161 168
8297 168
8329 168
8333 168
8402 168
8497 168
8501 168
8665 168
8770 168
8833 168
8938 168
8957 168
9001 168
9106 168
9169 168
9298 168
9337 168
9397 168
9466 168
65 180
521 180
653 180
701 180
881 180
1517 180
1697 180
1877 180
2105 180
2285 180
2465 180
2809 180
4261 180
4441 180
4621 180
7381 180
7561 180
7741 180
7921 180
8573 180
9325 180
9505 180
4 192
8 192
16 192
65 192
200 192
208 192
257 192
269 192
400 192
445 192
461 192
592 192
653 192
698 192
808 192
890 192
1000 192
1082 192
1192 192
1237 192
1490 192
1682 192
1825 192
1874 192
2017 192
2458 192
2650 192
3536 192
3728 192
4234 192
4426 192
4724 192
4777 192
4916 192
5108 192
5218 192
6088 192
6100 192
6280 192
6472 192
6770 192
6962 192
7325 192
7517 192
7754 192
7897 192
7946 192
8089 192
10004 192
10196 192
17 204
197 204
221 204
425 204
629 204
793 204
997 204
1381 204
1601 204
1805 204
2393 204
3757 204
3961 204
4705 204
4909 204
7057 204
7261 204
7465 204
7865 204
8069 204
8273 204
9 216
18 216
58 216
194 216
225 216
234 216
370 216
410 216
450 216
586 216
626 216
666 216
733 216
802 216
909 216
1125 216
1301 216
1341 216
1517 216
3457 216
3673 216
3802 216
3978 216
4045 216
4194 216
4517 216
4586 216
4733 216
6005 216
6497 216
6673 216
6849 216
7065 216
7281 216
8114 216
85 228
149 228
181 228
377 228
409 228
965 228
1097 228
1193 228
3121 228
4133 228
4985 228
6421 228
6649 228
6877 228
7237 228
7465 228
7565 228
7793 228
8285 228
9817 228
5 240
10 240
20 240
250 240
260 240
500 240
740 240
1010 240
1250 240
1490 240
1549 240
1789 240
2029 240
2906 240
3362 240
3793 240
3989 240
4033 240
4141 240
4273 240
4420 240
4660 240
5905 240
6145 240
6385 240
6772 240
7012 240
7610 240
7625 240
7850 240
8090 240
41 252
101 252
109 252
173 252
229 252
293 252
353 252
361 252
481 252
505 252
545 252
613 252
757 252
797 252
965 252
1033 252
1049 252
1165 252
1241 252
1285 252
1297 252
1301 252
1373 252
1417 252
1493 252
1537 252
1549 252
1625 252
1649 252
1669 252
1745 252
1901 252
1997 252
2153 252
2221 252
2249 252
2501 252
2713 252
2753 252
2965 252
3121 252
3217 252
3469 252
3721 252
3881 252
3973 252
4133 252
4225 252
4477 252
4685 252
4861 252
4937 252
5113 252
5189 252
5345 252
5365 252
5597 252
5617 252
5629 252
5869 252
6137 252
6301 252
6553 252
6565 252
6709 252
6817 252
6961 252
7069 252
7237 252
7325 252
7577 252
7829 252
7985 252
8237 252
8489 252
9325 252
41 264
169 264
218 264
226 264
305 264
425 264
433 264
482 264
569 264
697 264
746 264
961 264
1010 264
1138 264
1157 264
1402 264
1805 264
2042 264
2069 264
2333 264
2962 264
3169 264
3218 264
3433 264
3482 264
3697 264
3746 264
3893 264
3961 264
4010 264
4157 264
4217 264
4225 264
4274 264
4421 264
4481 264
4489 264
4666 264
4805 264
4930 264
5069 264
5186 264
5450 264
5570 264
6577 264
6697 264
6841 264
7402 264
7922 264
8186 264
8314 264
8578 264
8665 264
8842 264
8929 264
9106 264
9781 264
157 276
745 276
1021 276
1145 276
1297 276
1573 276
1609 276
1805 276
1921 276
2081 276
2197 276
2357 276
2473 276
4469 276
5449 276
5653 276
6161 276
6437 276
7801 276
8077 276
8353 276
104 288
116 288
202 288
281 288
404 288
673 288
692 288
820 288
937 288
961 288
1249 288
2180 288
2554 288
3368 288
3656 288
3809 288
3944 288
4097 288
4201 288
4226 288
4385 288
4489 288
4514 288
4673 288
4777 288
4961 288
5065 288
5249 288
5353 288
5524 288
5849 288
5953 288
7570 288
7717 288
7858 288
8146 288
10100 288
25 300
325 300
509 300
625 300
809 300
925 300
1109 300
1409 300
1709 300
2377 300
2677 300
2977 300
4337 300
4637 300
4913 300
5525 300
5825 300
6793 300
7093 300
8465 300
8765 300
10217 300
13 312
26 312
173 312
325 312
338 312
485 312
529 312
650 312
841 312
962 312
1313 312
1625 312
1937 312
1973 312
2138 312
2285 312
2293 312
2605 312
2917 312
2930 312
3077 312
3229 312
3242 312
3389 312
3541 312
3853 312
3946 312
4258 312
4993 312
5042 312
5305 312
5354 312
5617 312
5666 312
5746 312
5821 312
6058 312
6133 312
6445 312
6757 312
6850 312
7162 312
7946 312
117 324
125 324
313 324
577 324
901 324
1369 324
1693 324
2017 324
3789 324
4113 324
4437 324
6005 324
6329 324
1 336
29 336
34 336
50 336
89 336
100 336
116 336
121 336
122 336
148 336
193 336
205 336
242 336
260 336
269 336
281 336
292 336
293 336
337 336
370 336
386 336
425 336
436 336
452 336
457 336
458 336
484 336
545 336
578 336
605 336
617 336
628 336
673 336
722 336
788 336
793 336
794 336
820 336
881 336
925 336
941 336
953 336
964 336
1009 336
1073 336
1129 336
1130 336
1156 336
1210 336
1249 336
1261 336
1345 336
1409 336
1492 336
1514 336
1546 336
1681 336
1700 336
1745 336
1762 336
1877 336
1882 336
1970 336
1997 336
2017 336
2036 336
2084 336
2098 336
2218 336
2245 336
2306 336
2333 336
2353 336
2372 336
2404 336
2420 336
2426 336
2434 336
2498 336
2581 336
2602 336
2657 336
2669 336
2689 336
2756 336
2762 336
2770 336
2789 336
2834 336
2866 336
2938 336
2977 336
2993 336
3092 336
3098 336
3106 336
3125 336
3202 336
3274 336
3428 336
3433 336
3442 336
3460 336
3461 336
3581 336
3604 336
3769 336
3778 336
3796 336
3917 336
3922 336
3940 336
4049 336
4114 336
4132 336
4253 336
4258 336
4276 336
4373 336
4385 336
4612 336
4637 336
4868 336
4948 336
4973 336
5017 336
5044 336
5204 336
5209 336
5314 336
5365 336
5380 336
5513 336
5540 336
5545 336
5594 336
5650 336
5701 336
5716 336
5876 336
5881 336
5930 336
6037 336
6100 336
6133 336
6178 336
6212 336
6373 336
6413 336
6436 336
6469 336
6548 336
6682 336
6709 336
6722 336
6772 336
6805 336
6884 336
7013 336
7018 336
7045 336
7058 336
7220 336
7349 336
7381 336
7489 336
7508 336
7556 336
7652 336
7684 336
7685 336
7717 336
7762 336
7825 336
7844 336
7892 336
7933 336
7970 336
7993 336
8020 336
8053 336
8069 336
8161 336
8180 336
8185 336
8228 336
8306 336
8356 336
9092 336
9565 336
9665 336
29 348
73 348
181 348
377 348
421 348
529 348
725 348
769 348
877 348
1073 348
4297 348
4645 348
6409 348
6757 348
13 360
130 360
145 360
505 360
701 360
865 360
1025 360
1042 360
1061 360
1306 360
1402 360
1762 360
2725 360
3034 360
3394 360
3509 360
3754 360
3869 360
4001 360
4210 360
4229 360
4570 360
4589 360
4930 360
5618 360
6905 360
953 372
1325 372
1637 372
1873 372
2245 372
3109 372
3481 372
3617 372
3697 372
3793 372
4069 372
4441 372
4813 372
5185 372
5557 372
7381 372
7577 372
7753 372
7949 372
8125 372
8497 372
9281 372
8 384
16 384
32 384
130 384
400 384
416 384
514 384
538 384
800 384
857 384
890 384
922 384
1184 384
1241 384
1306 384
1396 384
1616 384
1780 384
2000 384
2057 384
2164 384
2221 384
2384 384
2474 384
2980 384
3364 384
3650 384
3748 384
4034 384
4916 384
5300 384
7072 384
7456 384
7897 384
8468 384
8852 384
9701 384
10085 384
29 396
229 396
613 396
809 396
1201 396
1205 396
1597 396
1601 396
1993 396
2389 396
2581 396
2785 396
2969 396
2977 396
3181 396
3365 396
3373 396
4349 396
4745 396
5141 396
6689 396
7085 396
7481 396
7673 396
8069 396
8465 396
10037 396
17 408
34 408
377 408
394 408
425 408
442 408
850 408
1258 408
1585 408
1586 408
1717 408
1993 408
1994 408
2125 408
2533 408
2762 408
3202 408
3481 408
3610 408
4786 408
5897 408
6305 408
7417 408
7514 408
7922 408
8021 408
8053 408
8429 408
37 420
61 420
125 420
145 420
185 420
193 420
325 420
365 420
409 420
545 420
565 420
605 420
785 420
829 420
985 420
1025 420
1205 420
1289 420
1445 420
1553 420
1709 420
1777 420
1861 420
1865 420
1973 420
1997 420
2125 420
2129 420
2389 420
2393 420
2545 420
2605 420
2809 420
2965 420
3005 420
3025 420
3181 420
3445 420
3709 420
3757 420
3797 420
3865 420
4129 420
4217 420
4285 420
4325 420
4481 420
4505 420
4549 420
4589 420
4637 420
4733 420
4745 420
4901 420
4925 420
5009 420
5153 420
5161 420
5165 420
5345 420
5429 420
5573 420
5581 420
5689 420
5765 420
5953 420
5993 420
6001 420
6085 420
6109 420
6185 420
6217 420
6305 420
6505 420
6529 420
6613 420
6637 420
6725 420
6925 420
7013 420
7033 420
7057 420
7145 420
7345 420
7625 420
7765 420
8045 420
8185 420
8465 420
8605 420
9565 420
9605 420
10025 420
9 432
18 432
36 432
116 432
361 432
388 432
450 432
468 432
740 432
820 432
900 432
949 432
1172 432
1252 432
1301 432
1332 432
1381 432
1466 432
1604 432
1818 432
2161 432
2250 432
2593 432
2602 432
2682 432
2753 432
3034 432
6914 432
7346 432
7604 432
8090 432
8825 432
9034 432
9466 432
37 444
481 444
925 444
1369 444
1709 444
2153 444
2545 444
3265 444
3709 444
3917 444
4049 444
4153 444
6505 444
6949 444
7381 444
7393 444
7825 444
8177 444
8621 444
121 456
170 456
298 456
313 456
362 456
577 456
754 456
769 456
818 456
841 456
1033 456
1297 456
1429 456
1885 456
1930 456
2194 456
2386 456
3649 456
4105 456
4561 456
4625 456
5017 456
5081 456
5473 456
5741 456
6197 456
6242 456
6649 456
8266 456
17 468
169 468
485 468
953 468
2141 468
3109 468
3229 468
5473 468
5941 468
6409 468
10 480
20 480
40 480
197 480
461 480
500 480
520 480
1000 480
1480 480
1745 480
1873 480
2020 480
2069 480
2225 480
2353 480
2500 480
2705 480
2980 480
3098 480
3578 480
3725 480
4058 480
4205 480
4381 480
4685 480
4861 480
5812 480
5881 480
6145 480
6361 480
6625 480
6724 480
6841 480
7586 480
8066 480
8840 480
9320 480
10585 480
11065 480
41 492
533 492
929 492
1025 492
1517 492
1801 492
2293 492
2785 492
6701 492
1 504
82 504
97 504
137 504
181 504
202 504
205 504
218 504
229 504
269 504
337 504
346 504
458 504
505 504
586 504
601 504
706 504
722 504
733 504
841 504
962 504
1009 504
1010 504
1021 504
1090 504
1105 504
1217 504
1226 504
1237 504
1373 504
1493 504
1513 504
1514 504
1594 504
1721 504
1769 504
1853 504
1901 504
1930 504
1997 504
2017 504
2066 504
2098 504
2209 504
2273 504
2330 504
2341 504
2405 504
2482 504
2501 504
2570 504
2594 504
2602 504
2713 504
2746 504
2777 504
2834 504
2845 504
2909 504
2957 504
2986 504
3074 504
3098 504
3221 504
3250 504
3298 504
3338 504
3349 504
3461 504
3490 504
3701 504
3725 504
3802 504
3853 504
3994 504
4057 504
4229 504
4306 504
4442 504
4498 504
4561 504
4693 504
4849 504
4933 504
5002 504
5065 504
5197 504
5333 504
5426 504
5506 504
5837 504
5930 504
6242 504
6301 504
6413 504
6434 504
6473 504
6673 504
6805 504
6817 504
6869 504
6917 504
6938 504
7177 504
7289 504
7309 504
7421 504
7442 504
7762 504
7793 504
7925 504
8266 504
8389 504
461 516
481 516
977 516
1493 516
1637 516
1781 516
2153 516
4597 516
5113 516
5629 516
8249 516
8765 516
82 528
109 528
338 528
409 528
436 528
452 528
610 528
850 528
866 528
937 528
964 528
997 528
1138 528
1193 528
1345 528
1394 528
1465 528
1492 528
1721 528
1781 528
1873 528
1922 528
1993 528
2020 528
2069 528
2173 528
2249 528
2276 528
2309 528
2314 528
2521 528
2701 528
2777 528
2804 528
3169 528
3229 528
3305 528
3610 528
3697 528
3757 528
3833 528
4084 528
4138 528
4225 528
4666 528
5189 528
5581 528
5717 528
5897 528
5924 528
6109 528
6245 528
6338 528
6425 528
6436 528
6485 528
6577 528
6637 528
6773 528
6893 528
6964 528
7165 528
7421 528
7786 528
7949 528
8314 528
45 540
145 540
485 540
585 540
925 540
1025 540
1125 540
1321 540
1465 540
1565 540
1665 540
1861 540
2005 540
2741 540
3181 540
3721 540
6217 540
6757 540
8033 540
9505 540
9945 540
193 552
314 552
1049 552
1490 552
1601 552
1885 552
2042 552
2290 552
2437 552
2594 552
2741 552
3146 552
3218 552
3293 552
3610 552
3842 552
3845 552
4162 552
4394 552
4714 552
4946 552
4985 552
5557 552
5645 552
6109 552
6197 552
6661 552
97 564
121 564
685 564
1249 564
1565 564
7717 564
208 576
232 576
404 576
562 576
808 576
905 576
1346 576
1384 576
1481 576
1493 576
1640 576
1849 576
1874 576
1922 576
2057 576
2069 576
2081 576
2473 576
2498 576
2657 576
3025 576
3049 576
3233 576
3601 576
3809 576
4177 576
4360 576
5108 576
5413 576
6197 576
6736 576
6773 576
7312 576
7888 576
8402 576
8452 576
9028 576
49 588
85 588
169 588
241 588
293 588
361 588
389 588
433 588
445 588
505 588
521 588
577 588
637 588
673 588
929 588
949 588
1093 588
1165 588
1225 588
1537 588
1753 588
1813 588
2029 588
2045 588
2125 588
2617 588
2633 588
2689 588
2713 588
3205 588
3277 588
3301 588
3305 588
3469 588
3701 588
3761 588
3833 588
3889 588
3893 588
4217 588
4273 588
4289 588
4349 588
4421 588
4477 588
4481 588
4493 588
4537 588
4649 588
4877 588
5009 588
5065 588
5081 588
5125 588
5329 588
5653 588
5713 588
6241 588
6737 588
6781 588
6869 588
7325 588
7369 588
7529 588
7957 588
8117 588
8705 588
1 600
25 600
50 600
601 600
625 600
650 600
761 600
809 600
1018 600
1250 600
1618 600
1850 600
2218 600
2329 600
2525 600
2818 600
2929 600
3125 600
3418 600
3725 600
4754 600
5354 600
5869 600
5954 600
7265 600
221 612
3065 612
4805 612
5417 612
6029 612
7157 612
7769 612
8381 612
13 624
26 624
52 624
137 624
346 624
650 624
676 624
970 624
1058 624
1300 624
1597 624
1669 624
1682 624
1924 624
2293 624
2329 624
2626 624
2953 624
3250 624
3874 624
3946 624
4276 624
4570 624
4573 624
4586 624
5197 624
5210 624
5305 624
5713 624
5860 624
6154 624
6337 624
6961 624
10084 624
5 636
53 636
689 636
1325 636
1373 636
1961 636
6521 636
185 648
234 648
250 648
261 648
626 648
909 648
1154 648
1557 648
1693 648
1802 648
1845 648
2341 648
2738 648
3386 648
3985 648
4034 648
4633 648
4905 648
5281 648
7829 648
401 660
493 660
545 660
565 660
1205 660
1741 660
1865 660
2237 660
2525 660
2753 660
2845 660
2897 660
3413 660
3433 660
3505 660
3557 660
4073 660
4093 660
4217 660
4321 660
4877 660
4909 660
4981 660
5105 660
5693 660
5713 660
6353 660
6373 660
7405 660
8045 660
8705 660
9365 660
10025 660
1 672
2 672
25 672
58 672
68 672
89 672
100 672
101 672
121 672
178 672
200 672
229 672
232 672
242 672
244 672
265 672
296 672
337 672
377 672
386 672
410 672
484 672
520 672
529 672
538 672
562 672
584 672
586 672
605 672
617 672
641 672
674 672
740 672
761 672
772 672
773 672
850 672
872 672
904 672
914 672
916 672
925 672
937 672
968 672
1009 672
1013 672
1090 672
1156 672
1201 672
1210 672
1234 672
1256 672
1277 672
1289 672
1346 672
1433 672
1444 672
1565 672
1576 672
1586 672
1588 672
1597 672
1640 672
1681 672
1685 672
1717 672
1762 672
1850 672
1873 672
1882 672
1906 672
1928 672
1949 672
2005 672
2018 672
2113 672
2146 672
2213 672
2258 672
2260 672
2312 672
2353 672
2389 672
2420 672
2498 672
2522 672
2621 672
2677 672
2690 672
2785 672
2818 672
2885 672
2984 672
3028 672
3061 672
3092 672
3125 672
3301 672
3313 672
3349 672
3362 672
3400 672
3457 672
3490 672
3524 672
3725 672
3754 672
3764 672
3797 672
3940 672
3973 672
3985 672
3994 672
4021 672
4034 672
4072 672
4129 672
4168 672
4196 672
4436 672
4469 672
4490 672
4612 672
4645 672
4666 672
4693 672
4706 672
4709 672
4744 672
4801 672
4808 672
4840 672
4852 672
4868 672
4996 672
5105 672
5162 672
5204 672
5314 672
5338 672
5365 672
5378 672
5381 672
5473 672
5512 672
5524 672
5540 672
5545 672
5578 672
5668 672
5701 672
5732 672
5849 672
5876 672
5954 672
5986 672
6196 672
6205 672
6250 672
6305 672
6404 672
6469 672
6521 672
6548 672
6733 672
6877 672
6920 672
6922 672
6977 672
7162 672
7592 672
7789 672
8098 672
8264 672
8269 672
8461 672
8941 672
61 684
257 684
545 684
937 684
941 684
1621 684
1625 684
2017 684
2305 684
2701 684
3973 684
4373 684
4657 684
4765 684
5449 684
5737 684
29 696
58 696
146 696
362 696
509 696
725 696
754 696
773 696
842 696
1058 696
1450 696
1469 696
1538 696
1754 696
2146 696
2665 696
2929 696
3361 696
3625 696
4057 696
4321 696
4537 696
6653 696
157 708
701 708
865 708
1181 708
1573 708
1889 708
2281 708
3293 708
3653 708
4001 708
4709 708
6865 708
26 720
260 720
290 720
373 720
433 720
505 720
697 720
1010 720
1093 720
1402 720
1609 720
1730 720
2050 720
2069 720
2084 720
2122 720
2329 720
2612 720
2789 720
2804 720
3049 720
3524 720
3701 720
4421 720
5141 720
5450 720
5857 720
6068 720
6121 720
6385 720
6577 720
6788 720
6841 720
7297 720
7561 720
8420 720
61 732
205 732
689 732
793 732
1145 732
1525 732
1877 732
2257 732
2713 732
3889 732
4373 732
4621 732
5105 732
5353 732
5837 732
601 744
641 744
953 744
1345 744
1465 744
1697 744
1906 744
2089 744
2209 744
2441 744
2650 744
2953 744
3109 744
3274 744
3697 744
3746 744
3853 744
4441 744
4490 744
4597 744
4993 744
5345 744
6218 744
6962 744
13 756
225 756
261 756
277 756
333 756
349 756
401 756
425 756
485 756
569 756
585 756
657 756
697 756
709 756
965 756
981 756
1009 756
1017 756
1089 756
1105 756
1157 756
1181 756
1193 756
1229 756
1325 756
1413 756
1465 756
1537 756
1721 756
1765 756
1773 756
1801 756
1845 756
1933 756
1937 756
1949 756
2081 756
2089 756
2169 756
2293 756
2477 756
2521 756
2601 756
2693 756
2857 756
3357 756
3449 756
3613 756
3737 756
3825 756
3869 756
3929 756
4133 756
4205 756
4229 756
4369 756
4581 756
4689 756
4889 756
4961 756
5065 756
5409 756
5445 756
5597 756
5717 756
5821 756
6353 756
6421 756
6437 756
6473 756
7109 756
7177 756
7345 756
7933 756
16 768
32 768
64 768
260 768
800 768
832 768
1028 768
1076 768
1109 768
1600 768
1714 768
1780 768
1844 768
1877 768
2368 768
2482 768
2612 768
2645 768
2792 768
3232 768
3265 768
3560 768
4000 768
4033 768
4114 768
4328 768
4442 768
4768 768
4801 768
4948 768
5045 768
5161 768
5960 768
6728 768
7496 768
65 780
845 780
1429 780
1625 780
2209 780
2405 780
5345 780
7325 780
9865 780
10645 780
1 792
41 792
58 792
205 792
221 792
409 792
458 792
629 792
793 792
1226 792
1381 792
1585 792
1618 792
2173 792
2377 792
2402 792
2410 792
3169 792
3194 792
3202 792
3961 792
3986 792
4745 792
4778 792
5162 792
5333 792
5570 792
5938 792
6730 792
7457 792
8249 792
617 804
1321 804
2125 804
3125 804
3653 804
4457 804
5261 804
17 816
34 816
68 816
149 816
409 816
754 816
788 816
850 816
884 816
1700 816
2516 816
2633 816
3170 816
3172 816
3434 816
3449 816
3986 816
3988 816
4250 816
5066 816
5524 816
6404 816
7220 816
809 828
961 828
1637 828
1789 828
2137 828
2965 828
3925 828
4381 828
1 840
74 840
85 840
122 840
125 840
173 840
221 840
250 840
257 840
290 840
305 840
370 840
386 840
529 840
605 840
650 840
730 840
761 840
818 840
925 840
965 840
1013 840
1090 840
1097 840
1130 840
1145 840
1210 840
1277 840
1313 840
1445 840
1570 840
1601 840
1658 840
1753 840
1805 840
1937 840
1970 840
1973 840
1985 840
2050 840
2153 840
2197 840
2281 840
2410 840
2417 840
2441 840
2501 840
2578 840
2593 840
2813 840
2825 840
2890 840
3025 840
3037 840
3106 840
3121 840
3257 840
3281 840
3341 840
3418 840
3554 840
3653 840
3722 840
3730 840
3785 840
3865 840
3893 840
3946 840
3961 840
3994 840
4121 840
4129 840
4177 840
4181 840
4250 840
4258 840
4405 840
4481 840
4705 840
4778 840
4786 840
4925 840
4961 840
5009 840
5017 840
5090 840
5210 840
5245 840
5545 840
5765 840
5801 840
5849 840
5857 840
5930 840
6010 840
6050 840
6065 840
6245 840
6505 840
6890 840
6905 840
7085 840
7165 840
7345 840
7517 840
7730 840
7745 840
7913 840
8570 840
8753 840
101 852
697 852
953 852
1669 852
1805 852
2521 852
2657 852
3373 852
3509 852
3833 852
18 864
36 864
72 864
157 864
232 864
397 864
433 864
722 864
776 864
900 864
936 864
941 864
1021 864
1261 864
1297 864
1480 864
1640 864
1800 864
1805 864
1885 864
1898 864
2161 864
2344 864
2504 864
2602 864
2664 864
2762 864
2932 864
3141 864
3208 864
3636 864
4005 864
4322 864
4549 864
4869 864
5186 864
5204 864
5413 864
5506 864
6068 864
6277 864
73 876
373 876
857 876
949 876
1249 876
1733 876
1745 876
1825 876
2609 876
2621 876
2701 876
3497 876
37 888
74 888
313 888
521 888
601 888
925 888
962 888
1201 888
1409 888
1850 888
2297 888
2738 888
3418 888
3737 888
4306 888
4625 888
4925 888
5090 888
5513 888
6530 888
7418 888
8306 888
137 900
325 900
1153 900
2053 900
2605 900
3265 900
3505 900
4253 900
4405 900
5153 900
242 912
340 912
596 912
626 912
724 912
773 912
1154 912
1241 912
1508 912
1538 912
1636 912
1682 912
1685 912
2066 912
2153 912
2221 912
2594 912
2858 912
3770 912
3860 912
4105 912
4388 912
4573 912
4772 912
5017 912
13 924
29 924
37 924
101 924
113 924
169 924
181 924
193 924
265 924
269 924
293 924
305 924
361 924
373 924
397 924
449 924
457 924
461 924
481 924
485 924
661 924
677 924
761 924
773 924
829 924
853 924
865 924
901 924
937 924
953 924
1093 924
1105 924
1117 924
1217 924
1285 924
1297 924
1321 924
1361 924
1373 924
1385 924
1405 924
1409 924
1585 924
1601 924
1753 924
1777 924
1825 924
1861 924
1877 924
2005 924
2017 924
2029 924
2141 924
2209 924
2221 924
2245 924
2285 924
2297 924
2333 924
2425 924
2501 924
2525 924
2557 924
2701 924
2741 924
2749 924
2929 924
2941 924
2953 924
2957 924
3065 924
3133 924
3145 924
3209 924
3221 924
3257 924
3349 924
3413 924
3425 924
3481 924
3497 924
3625 924
3665 924
3673 924
3805 924
3853 924
3865 924
3869 924
3877 924
3977 924
4057 924
4069 924
4337 924
4349 924
4421 924
4589 924
4597 924
4673 924
4729 924
4777 924
4877 924
4901 924
4993 924
5237 924
5261 924
5345 924
5501 924
5693 924
5869 924
5917 924
6161 924
6185 924
6617 924
6841 924
34 936
338 936
377 936
661 936
970 936
1313 936
1597 936
1906 936
2249 936
2665 936
2861 936
3121 936
4885 936
7085 936
241 948
1189 948
1289 948
20 960
40 960
80 960
325 960
394 960
677 960
922 960
1000 960
1040 960
1285 960
1345 960
1637 960
1873 960
2000 960
2225 960
2305 960
2833 960
2960 960
3265 960
3490 960
3746 960
3793 960
4040 960
4138 960
4381 960
4450 960
4706 960
5000 960
5410 960
5960 960
6185 960
6196 960
7156 960
9125 960
10085 960
81 972
261 972
873 972
1053 972
1665 972
1845 972
2025 972
2637 972
2817 972
2997 972
3609 972
3821 972
7741 972
37 984
41 984
82 984
433 984
1025 984
1066 984
1858 984
2050 984
3034 984
3602 984
4157 984
4537 984
5521 984
605 996
1601 996
1717 996
1733 996
2713 996
2729 996
3889 996
5441 996
2 1008
25 1008
65 1008
164 1008
194 1008
197 1008
274 1008
289 1008
362 1008
404 1008
410 1008
425 1008
436 1008
458 1008
505 1008
538 1008
674 1008
685 1008
692 1008
769 1008
857 1008
916 1008
953 1008
1010 1008
1033 1008
1172 1008
1202 1008
1217 1008
1297 1008
1412 1008
1433 1008
1444 1008
1466 1008
1525 1008
1682 1008
1693 1008
1777 1008
1789 1008
1924 1008
2018 1008
2020 1008
2042 1008
2053 1008
2180 1008
2210 1008
2225 1008
2341 1008
2357 1008
2434 1008
2441 1008
2452 1008
2474 1008
2746 1008
2785 1008
2801 1008
2986 1008
3026 1008
3028 1008
3188 1008
3233 1008
3349 1008
3365 1008
3442 1008
3538 1008
3637 1008
3706 1008
3725 1008
3802 1008
3809 1008
3994 1008
4034 1008
4196 1008
4357 1008
4546 1008
4660 1008
4733 1008
4810 1008
5002 1008
5437 1008
5554 1008
5668 1008
5818 1008
6005 1008
6442 1008
6977 1008
7985 1008
85 1020
241 1020
401 1020
985 1020
1105 1020
1573 1020
2125 1020
2593 1020
3145 1020
3965 1020
4985 1020
8005 1020
9025 1020
821 1032
922 1032
962 1032
1853 1032
1954 1032
2297 1032
2986 1032
3133 1032
3265 1032
3274 1032
3329 1032
3562 1032
4297 1032
4306 1032
53 1044
317 1044
377 1044
901 1044
1097 1044
1361 1044
61 1056
137 1056
164 1056
218 1056
289 1056
365 1056
676 1056
818 1056
872 1056
904 1056
1193 1056
1220 1056
1345 1056
1700 1056
1732 1056
1874 1056
1928 1056
1994 1056
2276 1056
2386 1056
2533 1056
2690 1056
2788 1056
2930 1056
2984 1056
3077 1056
3469 1056
3562 1056
3709 1056
3844 1056
3986 1056
4133 1056
4138 1056
4525 1056
4618 1056
4628 1056
4765 1056
5042 1056
5581 1056
6637 1056
1 1068
89 1068
1069 1068
1157 1068
1657 1068
2137 1068
2225 1068
2725 1068
3293 1068
4469 1068
45 1080
90 1080
290 1080
970 1080
1125 1080
1170 1080
1850 1080
2050 1080
2250 1080
2389 1080
2930 1080
3130 1080
3330 1080
3665 1080
4010 1080
4545 1080
5625 1080
109 1092
157 1092
281 1092
325 1092
377 1092
481 1092
593 1092
605 1092
641 1092
845 1092
949 1092
977 1092
1021 1092
1201 1092
1249 1092
1345 1092
1417 1092
1433 1092
1469 1092
1573 1092
1697 1092
1733 1092
2041 1092
2341 1092
2437 1092
2525 1092
2561 1092
2665 1092
2789 1092
2825 1092
2885 1092
3001 1092
3133 1092
3457 1092
3529 1092
3581 1092
3721 1092
3757 1092
3881 1092
3977 1092
4093 1092
4549 1092
4673 1092
4849 1092
5641 1092
5861 1092
6449 1092
7541 1092
386 1104
605 1104
628 1104
1709 1104
2098 1104
2245 1104
2545 1104
2980 1104
3202 1104
4580 1104
109 1116
349 1116
1465 1116
2249 1116
2777 1116
2957 1116
3305 1116
3893 1116
4073 1116
4421 1116
5009 1116
5189 1116
194 1128
242 1128
289 1128
1370 1128
2498 1128
3130 1128
3229 1128
4649 1128
5777 1128
6905 1128
8033 1128
229 1140
425 1140
745 1140
853 1140
905 1140
1369 1140
1885 1140
1921 1140
1993 1140
2045 1140
2509 1140
3133 1140
3649 1140
4825 1140
5485 1140
5965 1140
169 1152
416 1152
464 1152
808 1152
929 1152
1124 1152
1321 1152
1616 1152
1810 1152
2081 1152
2425 1152
2473 1152
2692 1152
2741 1152
2962 1152
2986 1152
3280 1152
3698 1152
3844 1152
4138 1152
4996 1152
6050 1152
7202 1152
97 1164
317 1164
709 1164
881 1164
1261 1164
1481 1164
2045 1164
2425 1164
3589 1164
4177 1164
49 1176
85 1176
98 1176
121 1176
170 1176
305 1176
338 1176
361 1176
397 1176
461 1176
482 1176
493 1176
505 1176
586 1176
625 1176
722 1176
769 1176
778 1176
809 1176
866 1176
877 1176
881 1176
890 1176
949 1176
1010 1176
1042 1176
1154 1176
1165 1176
1225 1176
1274 1176
1297 1176
1346 1176
1517 1176
1537 1176
1573 1176
1669 1176
1858 1176
1898 1176
1913 1176
1945 1176
1985 1176
2053 1176
2057 1176
2125 1176
2165 1176
2186 1176
2341 1176
2353 1176
2450 1176
2473 1176
3074 1176
3089 1176
3121 1176
3229 1176
3233 1176
3626 1176
3649 1176
3893 1176
4250 1176
4405 1176
4409 1176
4949 1176
5378 1176
13 1188
173 1188
221 1188
613 1188
981 1188
1017 1188
1153 1188
1361 1188
1409 1188
1777 1188
2169 1188
2341 1188
2549 1188
2965 1188
3737 1188
4153 1188
6445 1188
2 1200
25 1200
50 1200
100 1200
101 1200
221 1200
1129 1200
1202 1200
1250 1200
1300 1200
1301 1200
1522 1200
1618 1200
1937 1200
2036 1200
2329 1200
2500 1200
3700 1200
5050 1200
6250 1200
7450 1200
101 1212
565 1212
653 1212
1117 1212
1313 1212
2293 1212
2525 1212
53 1224
349 1224
442 1224
493 1224
985 1224
1573 1224
1717 1224
2209 1224
2797 1224
3485 1224
4021 1224
4073 1224
653 1236
1181 1236
2281 1236
2417 1236
4001 1236
26 1248
52 1248
104 1248
274 1248
692 1248
1300 1248
1352 1248
1940 1248
2237 1248
2600 1248
3194 1248
4537 1248
29 1260
113 1260
149 1260
205 1260
313 1260
353 1260
397 1260
505 1260
545 1260
617 1260
689 1260
809 1260
865 1260
1145 1260
1181 1260
1373 1260
1409 1260
1465 1260
1601 1260
1613 1260
1657 1260
1733 1260
1765 1260
1777 1260
1805 1260
1949 1260
2069 1260
2173 1260
2341 1260
2393 1260
2405 1260
2525 1260
2633 1260
2669 1260
2725 1260
2861 1260
2917 1260
2993 1260
3065 1260
3985 1260
4253 1260
4825 1260
5165 1260
6205 1260
10 1272
53 1272
106 1272
1325 1272
1378 1272
1433 1272
2650 1272
2746 1272
3922 1272
5353 1272
3253 1284
3361 1284
370 1296
468 1296
500 1296
522 1296
821 1296
909 1296
1061 1296
1213 1296
1252 1296
1818 1296
2308 1296
2509 1296
3114 1296
4633 1296
109 1308
241 1308
1417 1308
1549 1308
2725 1308
2857 1308
205 1320
361 1320
802 1320
845 1320
1090 1320
1130 1320
1525 1320
2125 1320
2165 1320
2410 1320
2845 1320
3485 1320
4517 1320
5785 1320
5837 1320
289 1332
365 1332
481 1332
601 1332
2993 1332
4325 1332
2 1344
4 1344
17 1344
37 1344
50 1344
61 1344
116 1344
136 1344
145 1344
169 1344
178 1344
200 1344
202 1344
242 1344
356 1344
400 1344
458 1344
464 1344
484 1344
488 1344
521 1344
530 1344
541 1344
592 1344
661 1344
674 1344
754 1344
761 1344
769 1344
772 1344
820 1344
829 1344
929 1344
961 1344
968 1344
1040 1344
1058 1344
1076 1344
1124 1344
1168 1344
1172 1344
1234 1344
1282 1344
1348 1344
1361 1344
1381 1344
1489 1344
1522 1344
1544 1344
1546 1344
1700 1344
1744 1344
1828 1344
1832 1344
1850 1344
1865 1344
1874 1344
1936 1344
2005 1344
2018 1344
2026 1344
2105 1344
2113 1344
2173 1344
2180 1344
2273 1344
2305 1344
2312 1344
2402 1344
2420 1344
2468 1344
2512 1344
2578 1344
2692 1344
2705 1344
2833 1344
2866 1344
2888 1344
3172 1344
3362 1344
3524 1344
3617 1344
3746 1344
3757 1344
3764 1344
3812 1344
3973 1344
4706 1344
5581 1344
113 1356
457 1356
1469 1356
2825 1356
3281 1356
4181 1356
4849 1356
122 1368
514 1368
1090 1368
1229 1368
1621 1368
1874 1368
1882 1368
3242 1368
3250 1368
409 1380
785 1380
2777 1380
3349 1380
29 1392
58 1392
116 1392
292 1392
1018 1392
1450 1392
1508 1392
1546 1392
1693 1392
2900 1392
2938 1392
3065 1392
3361 1392
117 1404
313 1404
377 1404
605 1404
769 1404
997 1404
1261 1404
1521 1404
1717 1404
2141 1404
2405 1404
2665 1404
2925 1404
3809 1404
4069 1404
4329 1404
5213 1404
157 1416
373 1416
613 1416
745 1416
1201 1416
1573 1416
2029 1416
2161 1416
2362 1416
3778 1416
5 1428
53 1428
97 1428
185 1428
361 1428
425 1428
493 1428
629 1428
677 1428
689 1428
1105 1428
1129 1428
1241 1428
1373 1428
1525 1428
1789 1428
1853 1428
1921 1428
2057 1428
2117 1428
2165 1428
2669 1428
3349 1428
3485 1428
4097 1428
52 1440
493 1440
520 1440
580 1440
866 1440
1010 1440
1405 1440
1933 1440
2020 1440
4421 1440
4685 1440
121 1452
157 1452
281 1452
745 1452
949 1452
985 1452
1261 1452
1573 1452
2437 1452
61 1464
122 1464
410 1464
1378 1464
1433 1464
1586 1464
13 1476
533 1476
1489 1476
2965 1476
1037 1488
1073 1488
1202 1488
1697 1488
3812 1488
125 1500
1361 1500
1625 1500
2545 1500
3125 1500
4045 1500
5545 1500
7045 1500
26 1512
61 1512
153 1512
225 1512
269 1512
365 1512
389 1512
425 1512
505 1512
533 1512
666 1512
698 1512
769 1512
785 1512
829 1512
850 1512
970 1512
1181 1512
1314 1512
1325 1512
1418 1512
1429 1512
1453 1512
1573 1512
1665 1512
1765 1512
1781 1512
1930 1512
2017 1512
2045 1512
2458 1512
2826 1512
2845 1512
2930 1512
2965 1512
3293 1512
3442 1512
4525 1512
4954 1512
529 1524
32 1536
64 1536
128 1536
241 1536
1600 1536
65 1560
130 1560
865 1560
1625 1560
1690 1560
2425 1560
2858 1560
3250 1560
4418 1560
4810 1560
241 1572
1009 1572
1405 1572
1 1584
2 1584
82 1584
116 1584
442 1584
557 1584
965 1584
997 1584
2549 1584
2762 1584
25 1596
101 1596
113 1596
289 1596
317 1596
353 1596
409 1596
509 1596
565 1596
641 1596
1013 1596
1069 1596
1157 1596
1193 1596
1481 1596
1573 1596
1697 1596
1849 1596
1913 1596
1949 1596
2753 1596
2861 1596
3169 1596
3509 1596
4181 1596
829 1608
1234 1608
585 1620
1565 1620
5041 1620
34 1632
68 1632
136 1632
1508 1632
1576 1632
1700 1632
1768 1632
3400 1632
137 1644
257 1644
1193 1644
1781 1644
3425 1644
353 1656
1409 1668
1613 1668
1997 1668
3373 1668
2 1680
5 1680
121 1680
148 1680
170 1680
250 1680
442 1680
445 1680
514 1680
605 1680
610 1680
740 1680
797 1680
965 1680
1025 1680
1300 1680
1345 1680
1405 1680
1460 1680
1465 1680
1522 1680
1850 1680
1930 1680
2197 1680
3140 1680
4625 1680
4820 1680
1585 1692
1853 1692
202 1704
877 1704
1394 1704
389 1716
1073 1716
1417 1716
1469 1716
1613 1716
1709 1716
2789 1716
3133 1716
36 1728
72 1728
144 1728
314 1728
585 1728
866 1728
1552 1728
1882 1728
145 1740
365 1740
905 1740
1469 1740
2105 1740
3845 1740
73 1752
146 1752
673 1752
1825 1752
1898 1752
3061 1752
3650 1752
121 1764
293 1764
305 1764
349 1764
521 1764
613 1764
653 1764
961 1764
2113 1764
2285 1764
2417 1764
3341 1764
37 1776
74 1776
148 1776
1202 1776
1924 1776
149 1788
65 1800
650 1800
725 1800
3505 1800
101 1812
337 1824
457 1824
680 1824
1252 1824
2281 1824
3076 1824
153 1836
421 1836
1649 1836
1989 1836
2257 1836
1 1848
25 1848
26 1848
125 1848
149 1848
202 1848
373 1848
529 1848
530 1848
586 1848
701 1848
829 1848
914 1848
970 1848
1069 1848
1229 1848
1289 1848
1522 1848
1565 1848
1874 1848
1997 1848
2377 1848
5114 1848
68 1872
676 1872
157 1884
277 1884
2041 1884
3925 1884
697 1896
1093 1896
401 1908
2309 1908
40 1920
80 1920
160 1920
788 1920
1354 1920
2080 1920
421 1932
1109 1932
3593 1932
162 1944
522 1944
164 1968
229 1968
145 1980
773 1980
1145 1980
4 2016
50 2016
97 2016
113 2016
229 2016
689 2016
1076 2016
1285 2016
1384 2016
1538 2016
2129 2016
2269 2016
169 2028
1481 2028
2197 2028
85 2040
170 2040
1885 2040
1970 2040
2125 2040
1261 2052
173 2076
841 2088
2929 2088
185 2100
305 2100
625 2100
725 2100
1229 2100
1825 2100
2045 2100
2825 2100
3925 2100
965 2112
3077 2112
2 2136
89 2136
178 2136
90 2160
180 2160
2250 2160
605 2172
2305 2172
205 2184
793 2184
1205 2184
1690 2184
2042 2184
2977 2184
205 2196
233 2208
185 2220
218 2232
137 2256
629 2256
149 2268
85 2340
845 2340
98 2352
1618 2352
53 2544
53 2604
421 2604
985 2688
